2025-06-25 22:29:46,179 - kedro.framework.project - INFO - Using 'conf/logging.yml' as logging configuration. You can change this by setting the KEDRO_LOGGING_CONFIG environment variable accordingly.
2025-06-25 22:29:47,074 - kedro_telemetry.plugin - INFO - Kedro is sending anonymous usage data with the sole purpose of improving the product. No personal data or IP addresses are stored on our side. If you want to opt out, set the `KEDRO_DISABLE_TELEMETRY` or `DO_NOT_TRACK` environment variables, or create a `.telemetry` file in the current working directory with the contents `consent: false`. Read more at https://docs.kedro.org/en/stable/configuration/telemetry.html
2025-06-25 22:30:13,230 - kedro.framework.project - INFO - Using 'conf/logging.yml' as logging configuration. You can change this by setting the KEDRO_LOGGING_CONFIG environment variable accordingly.
2025-06-25 22:30:13,865 - kedro_telemetry.plugin - INFO - Kedro is sending anonymous usage data with the sole purpose of improving the product. No personal data or IP addresses are stored on our side. If you want to opt out, set the `KEDRO_DISABLE_TELEMETRY` or `DO_NOT_TRACK` environment variables, or create a `.telemetry` file in the current working directory with the contents `consent: false`. Read more at https://docs.kedro.org/en/stable/configuration/telemetry.html
2025-06-25 22:31:47,440 - kedro.framework.project - INFO - Using 'conf/logging.yml' as logging configuration. You can change this by setting the KEDRO_LOGGING_CONFIG environment variable accordingly.
2025-06-25 22:31:48,570 - kedro.framework.session.session - INFO - Kedro project project_demo
2025-06-25 22:31:48,583 - kedro_telemetry.plugin - INFO - Kedro is sending anonymous usage data with the sole purpose of improving the product. No personal data or IP addresses are stored on our side. If you want to opt out, set the `KEDRO_DISABLE_TELEMETRY` or `DO_NOT_TRACK` environment variables, or create a `.telemetry` file in the current working directory with the contents `consent: false`. Read more at https://docs.kedro.org/en/stable/configuration/telemetry.html
2025-06-25 22:33:23,999 - kedro.framework.project - INFO - Using 'conf/logging.yml' as logging configuration. You can change this by setting the KEDRO_LOGGING_CONFIG environment variable accordingly.
2025-06-25 22:33:24,741 - kedro.framework.session.session - INFO - Kedro project project_demo
2025-06-25 22:33:30,007 - kedro_telemetry.plugin - INFO - Kedro is sending anonymous usage data with the sole purpose of improving the product. No personal data or IP addresses are stored on our side. If you want to opt out, set the `KEDRO_DISABLE_TELEMETRY` or `DO_NOT_TRACK` environment variables, or create a `.telemetry` file in the current working directory with the contents `consent: false`. Read more at https://docs.kedro.org/en/stable/configuration/telemetry.html
2025-06-25 22:39:35,834 - kedro.framework.project - INFO - Using 'conf/logging.yml' as logging configuration. You can change this by setting the KEDRO_LOGGING_CONFIG environment variable accordingly.
2025-06-25 22:39:36,604 - kedro.framework.session.session - INFO - Kedro project project_demo
2025-06-25 22:39:43,569 - kedro_telemetry.plugin - INFO - Kedro is sending anonymous usage data with the sole purpose of improving the product. No personal data or IP addresses are stored on our side. If you want to opt out, set the `KEDRO_DISABLE_TELEMETRY` or `DO_NOT_TRACK` environment variables, or create a `.telemetry` file in the current working directory with the contents `consent: false`. Read more at https://docs.kedro.org/en/stable/configuration/telemetry.html
2025-06-25 22:39:44,764 - demo_project.runners.skipping_runner - INFO - ‚ñ∂Ô∏è   Starting node: 'raw_to_intermediate_in_hadoop'
2025-06-25 22:39:44,766 - demo_project.runners.skipping_runner - WARNING - Node 'raw_to_intermediate_in_hadoop': Error checking output 'mutiple_intermediate_parquet_hadoop': 'NoneType' object has no attribute 'replace'
2025-06-25 22:39:44,769 - demo_project.runners.skipping_runner - INFO - ‚è≥ Validating dataset 'raw' at path 's3a://warehouse/raw'...
2025-06-25 22:42:43,087 - kedro.framework.project - INFO - Using 'conf/logging.yml' as logging configuration. You can change this by setting the KEDRO_LOGGING_CONFIG environment variable accordingly.
2025-06-25 22:42:43,822 - kedro.framework.session.session - INFO - Kedro project project_demo
2025-06-25 22:42:49,294 - kedro_telemetry.plugin - INFO - Kedro is sending anonymous usage data with the sole purpose of improving the product. No personal data or IP addresses are stored on our side. If you want to opt out, set the `KEDRO_DISABLE_TELEMETRY` or `DO_NOT_TRACK` environment variables, or create a `.telemetry` file in the current working directory with the contents `consent: false`. Read more at https://docs.kedro.org/en/stable/configuration/telemetry.html
2025-06-25 22:42:50,521 - demo_project.runners.skipping_runner - INFO - ‚ñ∂Ô∏è   Starting node: 'raw_to_intermediate_in_hadoop'
2025-06-25 22:42:50,528 - demo_project.runners.skipping_runner - INFO - ‚è≥ Validating dataset 'raw' at path 's3a://warehouse/raw'...
2025-06-25 22:42:50,537 - demo_project.runners.skipping_runner - WARNING - ‚ùå Missing partitions for table 'raw' at path: s3a://warehouse/raw. Missing dates: ['2025-01-07']
2025-06-25 22:42:50,540 - demo_project.runners.skipping_runner - WARNING - ‚ö†Ô∏è Skipping execution for node: 'raw_to_intermediate_in_hadoop' because lack of data at ['raw']

2025-06-25 22:42:50,542 - demo_project.runners.skipping_runner - INFO - ‚ñ∂Ô∏è   Starting node: 'intermediate_to_feature_in_hadoop'
2025-06-25 22:42:50,551 - demo_project.runners.skipping_runner - INFO - ‚è≥ Validating dataset 'mutiple_intermediate_parquet_hadoop' at path 's3a://warehouse/intermediate/information'...
2025-06-25 22:42:50,559 - demo_project.runners.skipping_runner - WARNING - ‚ùå Missing partitions for table 'information' at path: s3a://warehouse/intermediate/information. Missing dates: ['2025-01-07']
2025-06-25 22:42:50,561 - demo_project.runners.skipping_runner - WARNING - ‚ö†Ô∏è Skipping execution for node: 'intermediate_to_feature_in_hadoop' because lack of data at ['mutiple_intermediate_parquet_hadoop']

2025-06-25 22:42:50,564 - demo_project.runners.skipping_runner - INFO - ‚ñ∂Ô∏è   Starting node: 'feature_to_primary_in_iceberg'
2025-06-25 22:42:52,683 - demo_project.runners.skipping_runner - INFO - ‚è≥ Validating dataset 'mutiple_feature_parquet_hadoop' at path 's3a://warehouse/feature/information'...
2025-06-25 22:42:52,690 - demo_project.runners.skipping_runner - WARNING - ‚ùå Missing partitions for table 'information' at path: s3a://warehouse/feature/information. Missing dates: ['2025-01-07']
2025-06-25 22:42:52,692 - demo_project.runners.skipping_runner - WARNING - ‚ö†Ô∏è Skipping execution for node: 'feature_to_primary_in_iceberg' because lack of data at ['mutiple_feature_parquet_hadoop']

2025-06-25 22:42:52,693 - demo_project.runners.skipping_runner - INFO - Pipeline execution complete.
2025-06-25 22:44:29,930 - kedro.framework.project - INFO - Using 'conf/logging.yml' as logging configuration. You can change this by setting the KEDRO_LOGGING_CONFIG environment variable accordingly.
2025-06-25 22:44:30,648 - kedro.framework.session.session - INFO - Kedro project project_demo
2025-06-25 22:44:36,063 - kedro_telemetry.plugin - INFO - Kedro is sending anonymous usage data with the sole purpose of improving the product. No personal data or IP addresses are stored on our side. If you want to opt out, set the `KEDRO_DISABLE_TELEMETRY` or `DO_NOT_TRACK` environment variables, or create a `.telemetry` file in the current working directory with the contents `consent: false`. Read more at https://docs.kedro.org/en/stable/configuration/telemetry.html
2025-06-25 22:44:37,322 - demo_project.runners.skipping_runner - INFO - ‚ñ∂Ô∏è   Starting node: 'raw_to_intermediate_in_hadoop'
2025-06-25 22:44:37,329 - demo_project.runners.skipping_runner - INFO - ‚è≥ Validating dataset 'raw' at path 's3a://warehouse/raw'...
2025-06-25 22:44:37,338 - demo_project.runners.skipping_runner - INFO - ‚úÖ All expected data is available for table 'raw' at path: s3a://warehouse/raw
2025-06-25 22:44:37,341 - demo_project.runners.skipping_runner - INFO - üìå Injected tags 1 into dataset 'raw' from node 'raw_to_intermediate_in_hadoop'
2025-06-25 22:44:37,344 - py.warnings - WARNING - /home/phamminh/work/BIDV/kedro_airflow_demo/project_demo/.venv/lib/python3.11/site-packages/kedro/runner/runner.py:551: KedroDeprecationWarning: `run_node()` has been deprecated and will be removed in Kedro 0.20.0
  warnings.warn(

2025-06-25 22:44:37,347 - kedro.io.data_catalog - INFO - Loading data from [dark_orange]raw[/dark_orange] (FolderPatternSparkDataset)...
2025-06-25 22:46:09,720 - root - ERROR - Exception while sending command.
Traceback (most recent call last):
  File "/home/phamminh/work/BIDV/kedro_airflow_demo/project_demo/.venv/lib/python3.11/site-packages/py4j/clientserver.py", line 511, in send_command
    answer = smart_decode(self.stream.readline()[:-1])
                          ^^^^^^^^^^^^^^^^^^^^^^
RuntimeError: reentrant call inside <_io.BufferedReader name=5>

During handling of the above exception, another exception occurred:

Traceback (most recent call last):
  File "/home/phamminh/work/BIDV/kedro_airflow_demo/project_demo/.venv/lib/python3.11/site-packages/py4j/java_gateway.py", line 1038, in send_command
    response = connection.send_command(command)
               ^^^^^^^^^^^^^^^^^^^^^^^^^^^^^^^^
  File "/home/phamminh/work/BIDV/kedro_airflow_demo/project_demo/.venv/lib/python3.11/site-packages/py4j/clientserver.py", line 539, in send_command
    raise Py4JNetworkError(
py4j.protocol.Py4JNetworkError: Error while sending or receiving
2025-06-25 22:46:09,922 - root - ERROR - Exception while sending command.
Traceback (most recent call last):
  File "/home/phamminh/work/BIDV/kedro_airflow_demo/project_demo/.venv/lib/python3.11/site-packages/py4j/clientserver.py", line 511, in send_command
    answer = smart_decode(self.stream.readline()[:-1])
                          ^^^^^^^^^^^^^^^^^^^^^^
  File "/home/phamminh/.local/share/uv/python/cpython-3.11.11-linux-x86_64-gnu/lib/python3.11/socket.py", line 718, in readinto
    return self._sock.recv_into(b)
           ^^^^^^^^^^^^^^^^^^^^^^^
  File "/home/phamminh/work/BIDV/kedro_airflow_demo/project_demo/.venv/lib/python3.11/site-packages/pyspark/context.py", line 381, in signal_handler
    self.cancelAllJobs()
  File "/home/phamminh/work/BIDV/kedro_airflow_demo/project_demo/.venv/lib/python3.11/site-packages/pyspark/context.py", line 2446, in cancelAllJobs
    self._jsc.sc().cancelAllJobs()
    ^^^^^^^^^^^^^^
  File "/home/phamminh/work/BIDV/kedro_airflow_demo/project_demo/.venv/lib/python3.11/site-packages/py4j/java_gateway.py", line 1322, in __call__
    return_value = get_return_value(
                   ^^^^^^^^^^^^^^^^^
  File "/home/phamminh/work/BIDV/kedro_airflow_demo/project_demo/.venv/lib/python3.11/site-packages/pyspark/errors/exceptions/captured.py", line 179, in deco
    return f(*a, **kw)
           ^^^^^^^^^^^
  File "/home/phamminh/work/BIDV/kedro_airflow_demo/project_demo/.venv/lib/python3.11/site-packages/py4j/protocol.py", line 334, in get_return_value
    raise Py4JError(
py4j.protocol.Py4JError: An error occurred while calling o82.sc

During handling of the above exception, another exception occurred:

Traceback (most recent call last):
  File "/home/phamminh/work/BIDV/kedro_airflow_demo/project_demo/.venv/lib/python3.11/site-packages/py4j/java_gateway.py", line 1038, in send_command
    response = connection.send_command(command)
               ^^^^^^^^^^^^^^^^^^^^^^^^^^^^^^^^
  File "/home/phamminh/work/BIDV/kedro_airflow_demo/project_demo/.venv/lib/python3.11/site-packages/py4j/clientserver.py", line 539, in send_command
    raise Py4JNetworkError(
py4j.protocol.Py4JNetworkError: Error while sending or receiving
2025-06-25 22:46:10,472 - demo_project.runners.skipping_runner - ERROR - Node 'raw_to_intermediate_in_hadoop' has failed.
Traceback (most recent call last):
  File "/home/phamminh/work/BIDV/kedro_airflow_demo/project_demo/.venv/lib/python3.11/site-packages/kedro/io/core.py", line 309, in load
    return load_func(self)
           ^^^^^^^^^^^^^^^
  File "/home/phamminh/work/BIDV/kedro_airflow_demo/project_demo/src/demo_project/datasets/folder_pattern_spark_dataset.py", line 76, in _load
    df = read_obj.option("basePath", self.load_path).load(full_paths, **self._load_args)
         ^^^^^^^^^^^^^^^^^^^^^^^^^^^^^^^^^^^^^^^^^^^^^^^^^^^^^^^^^^^^^^^^^^^^^^^^^^^^^^^
  File "/home/phamminh/work/BIDV/kedro_airflow_demo/project_demo/.venv/lib/python3.11/site-packages/pyspark/sql/readwriter.py", line 307, in load
    return self._df(self._jreader.load(path))
                    ^^^^^^^^^^^^^^^^^^^^^^^^
  File "/home/phamminh/work/BIDV/kedro_airflow_demo/project_demo/.venv/lib/python3.11/site-packages/py4j/java_gateway.py", line 1322, in __call__
    return_value = get_return_value(
                   ^^^^^^^^^^^^^^^^^
  File "/home/phamminh/work/BIDV/kedro_airflow_demo/project_demo/.venv/lib/python3.11/site-packages/pyspark/errors/exceptions/captured.py", line 179, in deco
    return f(*a, **kw)
           ^^^^^^^^^^^
  File "/home/phamminh/work/BIDV/kedro_airflow_demo/project_demo/.venv/lib/python3.11/site-packages/py4j/protocol.py", line 334, in get_return_value
    raise Py4JError(
py4j.protocol.Py4JError: An error occurred while calling o98.load

The above exception was the direct cause of the following exception:

Traceback (most recent call last):
  File "/home/phamminh/work/BIDV/kedro_airflow_demo/project_demo/src/demo_project/runners/skipping_runner.py", line 295, in _run
    run_node(node, catalog, hook_manager, self._is_async, session_id)
  File "/home/phamminh/work/BIDV/kedro_airflow_demo/project_demo/.venv/lib/python3.11/site-packages/kedro/runner/runner.py", line 571, in run_node
    node = task.execute()
           ^^^^^^^^^^^^^^
  File "/home/phamminh/work/BIDV/kedro_airflow_demo/project_demo/.venv/lib/python3.11/site-packages/kedro/runner/task.py", line 88, in execute
    node = self._run_node_sequential(
           ^^^^^^^^^^^^^^^^^^^^^^^^^^
  File "/home/phamminh/work/BIDV/kedro_airflow_demo/project_demo/.venv/lib/python3.11/site-packages/kedro/runner/task.py", line 152, in _run_node_sequential
    inputs[name] = catalog.load(name)
                   ^^^^^^^^^^^^^^^^^^
  File "/home/phamminh/work/BIDV/kedro_airflow_demo/project_demo/.venv/lib/python3.11/site-packages/kedro/io/data_catalog.py", line 397, in load
    result = dataset.load()
             ^^^^^^^^^^^^^^
  File "/home/phamminh/work/BIDV/kedro_airflow_demo/project_demo/.venv/lib/python3.11/site-packages/kedro/io/core.py", line 316, in load
    raise DatasetError(message) from exc
kedro.io.core.DatasetError: Failed while loading data from dataset FolderPatternSparkDataset(data_validation=True, file_format=parquet, filepath=s3a://warehouse/raw, load_args={}, save_args={'mode': overwrite}, type=folder_pattern).
An error occurred while calling o98.load
2025-06-25 22:47:10,213 - kedro.framework.project - INFO - Using 'conf/logging.yml' as logging configuration. You can change this by setting the KEDRO_LOGGING_CONFIG environment variable accordingly.
2025-06-25 22:47:10,935 - kedro.framework.session.session - INFO - Kedro project project_demo
2025-06-25 22:47:16,836 - kedro_telemetry.plugin - INFO - Kedro is sending anonymous usage data with the sole purpose of improving the product. No personal data or IP addresses are stored on our side. If you want to opt out, set the `KEDRO_DISABLE_TELEMETRY` or `DO_NOT_TRACK` environment variables, or create a `.telemetry` file in the current working directory with the contents `consent: false`. Read more at https://docs.kedro.org/en/stable/configuration/telemetry.html
2025-06-25 22:47:18,094 - demo_project.runners.skipping_runner - INFO - ‚ñ∂Ô∏è   Starting node: 'raw_to_intermediate_in_hadoop'
2025-06-25 22:47:18,106 - demo_project.runners.skipping_runner - INFO - ‚è≥ Validating dataset 'raw' at path 's3a://warehouse/raw'...
2025-06-25 22:47:18,118 - demo_project.runners.skipping_runner - INFO - ‚úÖ All expected data is available for table 'raw' at path: s3a://warehouse/raw
2025-06-25 22:47:18,120 - demo_project.runners.skipping_runner - INFO - üìå Injected tags 1 into dataset 'raw' from node 'raw_to_intermediate_in_hadoop'
2025-06-25 22:47:18,124 - py.warnings - WARNING - /home/phamminh/work/BIDV/kedro_airflow_demo/project_demo/.venv/lib/python3.11/site-packages/kedro/runner/runner.py:551: KedroDeprecationWarning: `run_node()` has been deprecated and will be removed in Kedro 0.20.0
  warnings.warn(

2025-06-25 22:47:18,128 - kedro.io.data_catalog - INFO - Loading data from [dark_orange]raw[/dark_orange] (FolderPatternSparkDataset)...
2025-06-25 22:47:29,085 - kedro.pipeline.node - INFO - Running node: raw_to_intermediate_in_hadoop: load_and_sleep([raw]) -> [mutiple_intermediate_parquet_hadoop]
2025-06-25 22:47:30,091 - kedro.io.data_catalog - INFO - Saving data to [dark_orange]mutiple_intermediate_parquet_hadoop[/dark_orange] (FilteredSparkDataset)...
2025-06-25 22:47:33,286 - demo_project.runners.skipping_runner - INFO - Completed node 1/3: 'raw_to_intermediate_in_hadoop'

2025-06-25 22:47:33,288 - demo_project.runners.skipping_runner - INFO - ‚ñ∂Ô∏è   Starting node: 'intermediate_to_feature_in_hadoop'
2025-06-25 22:47:33,296 - demo_project.runners.skipping_runner - INFO - ‚è≥ Validating dataset 'mutiple_intermediate_parquet_hadoop' at path 's3a://warehouse/intermediate/information'...
2025-06-25 22:47:33,307 - demo_project.runners.skipping_runner - INFO - ‚úÖ All expected data is available for table 'information' at path: s3a://warehouse/intermediate/information
2025-06-25 22:47:33,309 - demo_project.runners.skipping_runner - INFO - üìå Injected tags 1 into dataset 'mutiple_intermediate_parquet_hadoop' from node 'intermediate_to_feature_in_hadoop'
2025-06-25 22:47:33,311 - kedro.io.data_catalog - INFO - Loading data from [dark_orange]mutiple_intermediate_parquet_hadoop[/dark_orange] (FilteredSparkDataset)...
2025-06-25 22:47:35,430 - kedro.pipeline.node - INFO - Running node: intermediate_to_feature_in_hadoop: load_and_sleep([mutiple_intermediate_parquet_hadoop]) -> [mutiple_feature_parquet_hadoop]
2025-06-25 22:47:36,436 - kedro.io.data_catalog - INFO - Saving data to [dark_orange]mutiple_feature_parquet_hadoop[/dark_orange] (FilteredSparkDataset)...
2025-06-25 22:47:37,138 - demo_project.runners.skipping_runner - INFO - Completed node 2/3: 'intermediate_to_feature_in_hadoop'

2025-06-25 22:47:37,141 - demo_project.runners.skipping_runner - INFO - ‚ñ∂Ô∏è   Starting node: 'feature_to_primary_in_iceberg'
2025-06-25 22:47:37,954 - demo_project.runners.skipping_runner - INFO - ‚è≥ Validating dataset 'mutiple_feature_parquet_hadoop' at path 's3a://warehouse/feature/information'...
2025-06-25 22:47:37,963 - demo_project.runners.skipping_runner - INFO - ‚úÖ All expected data is available for table 'information' at path: s3a://warehouse/feature/information
2025-06-25 22:47:37,964 - demo_project.runners.skipping_runner - INFO - üìå Injected tags 1 into dataset 'mutiple_feature_parquet_hadoop' from node 'feature_to_primary_in_iceberg'
2025-06-25 22:47:37,967 - kedro.io.data_catalog - INFO - Loading data from [dark_orange]mutiple_feature_parquet_hadoop[/dark_orange] (FilteredSparkDataset)...
2025-06-25 22:47:38,183 - kedro.pipeline.node - INFO - Running node: feature_to_primary_in_iceberg: load_and_sleep([mutiple_feature_parquet_hadoop]) -> [primary_icebreg]
2025-06-25 22:47:39,191 - kedro.io.data_catalog - INFO - Saving data to [dark_orange]primary_icebreg[/dark_orange] (IcebergSparkDataset)...
2025-06-25 22:47:45,034 - demo_project.runners.skipping_runner - INFO - Completed node 3/3: 'feature_to_primary_in_iceberg'

2025-06-25 22:47:45,036 - demo_project.runners.skipping_runner - INFO - Pipeline execution complete.
2025-06-25 22:47:57,896 - kedro.framework.project - INFO - Using 'conf/logging.yml' as logging configuration. You can change this by setting the KEDRO_LOGGING_CONFIG environment variable accordingly.
2025-06-25 22:47:58,647 - kedro.framework.session.session - INFO - Kedro project project_demo
2025-06-25 22:48:04,727 - kedro_telemetry.plugin - INFO - Kedro is sending anonymous usage data with the sole purpose of improving the product. No personal data or IP addresses are stored on our side. If you want to opt out, set the `KEDRO_DISABLE_TELEMETRY` or `DO_NOT_TRACK` environment variables, or create a `.telemetry` file in the current working directory with the contents `consent: false`. Read more at https://docs.kedro.org/en/stable/configuration/telemetry.html
2025-06-25 22:48:06,016 - demo_project.runners.skipping_runner - INFO - ‚ñ∂Ô∏è   Starting node: 'raw_to_intermediate_in_hadoop'
2025-06-25 22:48:06,028 - demo_project.runners.skipping_runner - INFO - ‚è≠Ô∏è   Skipping execution for node: 'raw_to_intermediate_in_hadoop'. 
2025-06-25 22:48:06,031 - demo_project.runners.skipping_runner - INFO - Completed node 1/3: 'raw_to_intermediate_in_hadoop'

2025-06-25 22:48:06,034 - demo_project.runners.skipping_runner - INFO - ‚ñ∂Ô∏è   Starting node: 'intermediate_to_feature_in_hadoop'
2025-06-25 22:48:06,050 - demo_project.runners.skipping_runner - INFO - ‚è≠Ô∏è   Skipping execution for node: 'intermediate_to_feature_in_hadoop'. 
2025-06-25 22:48:06,053 - demo_project.runners.skipping_runner - INFO - Completed node 2/3: 'intermediate_to_feature_in_hadoop'

2025-06-25 22:48:06,056 - demo_project.runners.skipping_runner - INFO - ‚ñ∂Ô∏è   Starting node: 'feature_to_primary_in_iceberg'
2025-06-25 22:48:23,327 - demo_project.runners.skipping_runner - INFO - ‚è≠Ô∏è   Skipping execution for node: 'feature_to_primary_in_iceberg'. 
2025-06-25 22:48:23,331 - demo_project.runners.skipping_runner - INFO - Completed node 3/3: 'feature_to_primary_in_iceberg'

2025-06-25 22:48:23,334 - demo_project.runners.skipping_runner - INFO - Pipeline execution complete.
